[2026-06-04 10:43:40] === WINDOWS CONFIG BACKUP ===
[2026-06-04 10:43:40] Backup to: D:\opencode\backup_windows
[2026-06-04 10:43:47] Exporting package lists...
[2026-06-04 10:44:40] === BACKUP COMPLETE ===
[2026-06-04 10:44:40] Size: 0.50 MB (no photos/videos included)
[2026-06-04 10:44:40] Manifest: D:\opencode\backup_windows\manifest.txt
[2026-06-04 10:44:40] 
[2026-06-04 10:44:40] On a FRESH WINDOWS INSTALL, copy this folder and run:
[2026-06-04 10:44:40]     PowerShell -ExecutionPolicy Bypass -File restore.ps1
[2026-06-04 10:44:58] === WINDOWS CONFIG BACKUP ===
[2026-06-04 10:44:58] Backup to: D:\opencode\backup_windows
[2026-06-04 10:45:05] Exporting package lists...
[2026-06-04 10:45:12] === BACKUP COMPLETE ===
[2026-06-04 10:45:12] Size: 0.52 MB (no photos/videos included)
[2026-06-04 10:45:12] Manifest: D:\opencode\backup_windows\manifest.txt
[2026-06-04 10:45:12] 
[2026-06-04 10:45:12] On a FRESH WINDOWS INSTALL, copy this folder and run:
[2026-06-04 10:45:12]     PowerShell -ExecutionPolicy Bypass -File restore.ps1
[2026-06-04 13:59:20] === WINDOWS CONFIG BACKUP ===
[2026-06-04 13:59:20] Backup to: D:\opencode\backup_windows
[2026-06-04 13:59:26] Exporting package lists...
[2026-06-04 13:59:30] === BACKUP COMPLETE ===
[2026-06-04 13:59:30] Size: 0.53 MB (no photos/videos included)
[2026-06-04 13:59:30] Manifest: D:\opencode\backup_windows\manifest.txt
[2026-06-04 13:59:30] 
[2026-06-04 13:59:30] On a FRESH WINDOWS INSTALL, copy this folder and run:
[2026-06-04 13:59:30]     PowerShell -ExecutionPolicy Bypass -File restore.ps1
[2026-06-04 14:00:04] === WINDOWS CONFIG BACKUP ===
[2026-06-04 14:00:04] Backup to: D:\opencode\backup_windows
[2026-06-04 14:00:10] Exporting package lists...
[2026-06-04 14:00:16] === BACKUP COMPLETE ===
[2026-06-04 14:00:16] Size: 0.54 MB (no photos/videos included)
[2026-06-04 14:00:16] Manifest: D:\opencode\backup_windows\manifest.txt
[2026-06-04 14:00:16] 
[2026-06-04 14:00:16] On a FRESH WINDOWS INSTALL, copy this folder and run:
[2026-06-04 14:00:16]     PowerShell -ExecutionPolicy Bypass -File restore.ps1
[2026-06-04 14:04:20] === WINDOWS CONFIG BACKUP ===
[2026-06-04 14:04:20] Backup to: D:\opencode\backup_windows
[2026-06-04 14:04:26] Exporting package lists...
[2026-06-04 14:04:41]   Matched: VLC media player -> VideoLAN.VLC
[2026-06-04 14:04:43]   Matched: WinDirStat -> WinDirStat.WinDirStat
[2026-06-04 14:05:06]   Matched: qBittorrent -> qBittorrent.qBittorrent
[2026-06-04 14:05:33]   Matched: Google -> Google.Chrome
[2026-06-04 14:05:49]   4 additional winget IDs matched
[2026-06-04 14:05:49]   44 programs need manual install (see packages\manual_install.txt)
[2026-06-04 14:05:51] === BACKUP COMPLETE ===
[2026-06-04 14:05:51] Size: 0.55 MB (no photos/videos included)
[2026-06-04 14:05:51] Manifest: D:\opencode\backup_windows\manifest.txt
[2026-06-04 14:05:51] 
[2026-06-04 14:05:51] On a FRESH WINDOWS INSTALL, copy this folder and run:
[2026-06-04 14:05:51]     PowerShell -ExecutionPolicy Bypass -File restore.ps1
[2026-06-04 14:06:20] === WINDOWS CONFIG BACKUP ===
[2026-06-04 14:06:20] Backup to: D:\opencode\backup_windows
[2026-06-04 14:06:26] Exporting package lists...
[2026-06-04 14:06:37]   Matched: VLC media player -> VideoLAN.VLC
[2026-06-04 14:06:38]   Matched: WinDirStat -> WinDirStat.WinDirStat
[2026-06-04 14:06:45]   Matched: qBittorrent -> qBittorrent.qBittorrent
[2026-06-04 14:06:45]   Matched: Google -> Google.Chrome
[2026-06-04 14:06:45]   4 additional winget IDs matched
[2026-06-04 14:06:45]   41 programs need manual install (see packages\manual_install.txt)
[2026-06-04 14:06:47] === BACKUP COMPLETE ===
[2026-06-04 14:06:47] Size: 0.55 MB (no photos/videos included)
[2026-06-04 14:06:47] Manifest: D:\opencode\backup_windows\manifest.txt
[2026-06-04 14:06:47] 
[2026-06-04 14:06:47] On a FRESH WINDOWS INSTALL, copy this folder and run:
[2026-06-04 14:06:47]     PowerShell -ExecutionPolicy Bypass -File restore.ps1
[2026-06-04 14:08:15] === WINDOWS CONFIG BACKUP ===
[2026-06-04 14:08:16] Backup to: D:\opencode\backup_windows
[2026-06-04 14:08:22] Exporting package lists...
[2026-06-04 14:08:29]   Matched: VLC media player -> VideoLAN.VLC
[2026-06-04 14:08:30]   Matched: WinDirStat -> WinDirStat.WinDirStat
[2026-06-04 14:08:37]   Matched: qBittorrent -> qBittorrent.qBittorrent
[2026-06-04 14:08:37]   3 additional winget IDs matched
[2026-06-04 14:08:37]   42 programs need manual install (see packages\manual_install.txt)
[2026-06-04 14:08:38] === BACKUP COMPLETE ===
[2026-06-04 14:08:38] Size: 0.55 MB (no photos/videos included)
[2026-06-04 14:08:38] Manifest: D:\opencode\backup_windows\manifest.txt
[2026-06-04 14:08:38] 
[2026-06-04 14:08:38] On a FRESH WINDOWS INSTALL, copy this folder and run:
[2026-06-04 14:08:38]     PowerShell -ExecutionPolicy Bypass -File restore.ps1
[2026-06-04 16:40:22] === WINDOWS CONFIG BACKUP ===
[2026-06-04 16:40:22] Backup to: D:\opencode\backup_windows
[2026-06-04 16:40:41] Exporting package lists...
[2026-06-04 16:40:53]   Matched: VLC media player -> VideoLAN.VLC
[2026-06-04 16:40:54]   Matched: WinDirStat -> WinDirStat.WinDirStat
[2026-06-04 16:41:00]   Matched: qBittorrent -> qBittorrent.qBittorrent
[2026-06-04 16:41:00]   3 additional winget IDs matched
[2026-06-04 16:41:00]   42 programs need manual install (see packages\manual_install.txt)
[2026-06-04 16:41:05] === BACKUP COMPLETE ===
[2026-06-04 16:41:05] Size: 0.54 MB (no photos/videos included)
[2026-06-04 16:41:05] Manifest: D:\opencode\backup_windows\manifest.txt
[2026-06-04 16:41:05] 
[2026-06-04 16:41:05] On a FRESH WINDOWS INSTALL, copy this folder and run:
[2026-06-04 16:41:05]     PowerShell -ExecutionPolicy Bypass -File restore.ps1
[2026-06-08 09:40:56] === WINDOWS CONFIG BACKUP ===
[2026-06-08 09:40:56] Backup to: D:\opencode\backup_windows
[2026-06-08 09:41:06] Exporting package lists...
[2026-06-08 09:41:50]   Matched: mpv media player -> mpv-player.mpv-CI.MSVC
[2026-06-08 09:41:51]   Matched: VLC media player -> VideoLAN.VLC
[2026-06-08 09:41:51]   Matched: WinDirStat -> WinDirStat.WinDirStat
[2026-06-08 09:41:56]   Matched: qBittorrent -> qBittorrent.qBittorrent
[2026-06-08 09:41:59]   4 additional winget IDs matched
[2026-06-08 09:41:59]   44 programs need manual install (see packages\manual_install.txt)
[2026-06-08 09:42:02] === BACKUP COMPLETE ===
[2026-06-08 09:42:02] Size: 0.56 MB (no photos/videos included)
[2026-06-08 09:42:02] Manifest: D:\opencode\backup_windows\manifest.txt
[2026-06-08 09:42:02] 
[2026-06-08 09:42:02] On a FRESH WINDOWS INSTALL, copy this folder and run:
[2026-06-08 09:42:02]     PowerShell -ExecutionPolicy Bypass -File restore.ps1
[2026-06-08 09:55:11] === WINDOWS CONFIG BACKUP ===
[2026-06-08 09:55:11] Backup to: D:\opencode\backup_windows
[2026-06-08 09:55:11] [1/18] Saving system info...
[2026-06-08 09:55:11] [2/18] Saving PowerShell profile...
[2026-06-08 09:55:13] [3/18] Saving Windows Terminal settings...
[2026-06-08 09:55:13] [4/18] Saving VS Code settings...
[2026-06-08 09:55:14] [5/18] Saving Git config...
[2026-06-08 09:55:14] [6/18] Saving SSH config...
[2026-06-08 09:55:14] [7/18] Saving registry settings...
[2026-06-08 09:55:20]   15 registry keys exported
[2026-06-08 09:55:20] [8/18] Saving environment variables...
[2026-06-08 09:55:20] [9/18] Exporting package lists...
[2026-06-08 09:55:24]   winget export complete
[2026-06-08 09:55:28]   Matched: mpv media player -> mpv-player.mpv-CI.MSVC
[2026-06-08 09:55:29]   Matched: VLC media player -> VideoLAN.VLC
[2026-06-08 09:55:30]   Matched: WinDirStat -> WinDirStat.WinDirStat
[2026-06-08 09:55:35]   Matched: qBittorrent -> qBittorrent.qBittorrent
[2026-06-08 09:55:38]   4 additional winget IDs matched
[2026-06-08 09:55:38]   44 programs need manual install (see packages\manual_install.txt)
[2026-06-08 09:55:38] [10/18] Saving startup programs...
[2026-06-08 09:55:38] [11/18] Saving scheduled tasks...
[2026-06-08 09:55:39] [12/18] Saving power scheme...
[2026-06-08 09:55:40] [13/18] Saving theme settings...
[2026-06-08 09:55:40] [14/18] Saving wallpaper...
[2026-06-08 09:55:40] [15/18] Saving fonts list...
[2026-06-08 09:55:40] [16/18] Saving Defender exclusions...
[2026-06-08 09:55:40] [17/18] Saving hosts file...
[2026-06-08 09:55:40] [18/18] Saving taskbar settings...
[2026-06-08 09:55:40] === BACKUP COMPLETE ===
[2026-06-08 09:55:40] Size: 2.63 MB (no photos/videos included)
[2026-06-08 09:55:40] Manifest: D:\opencode\backup_windows\manifest.txt
[2026-06-08 09:55:40] 
[2026-06-08 09:55:40] On a FRESH WINDOWS INSTALL, copy this folder and run:
[2026-06-08 09:55:40]     PowerShell -ExecutionPolicy Bypass -File restore.ps1
